Using pre-set license
Built from '2020.3/staging' branch; Version is '2020.3.21f1 (a38c86f6690f) revision 10718342'; Using compiler version '192528614'; Build Type 'Release'
OS: 'Windows 10 Pro; OS build 19044.1387; Version 2009; 64bit' Language: 'tr' Physical Memory: 16222 MB
BatchMode: 1, IsHumanControllingUs: 0, StartBugReporterOnCrash: 0, Is64bit: 1, IsPro: 0

COMMAND LINE ARGUMENTS:
C:\Program Files\Unity\Hub\Editor\2020.3.21f1\Editor\Unity.exe
-adb2
-batchMode
-noUpm
-name
AssetImportWorker0
-projectPath
C:/Users/elena/Desktop/UNİTYYY/BitkilerinVeZombilerinSavasi
-logFile
Logs/AssetImportWorker0.log
-srvPort
54839
Successfully changed project path to: C:/Users/elena/Desktop/UNİTYYY/BitkilerinVeZombilerinSavasi
C:/Users/elena/Desktop/UNİTYYY/BitkilerinVeZombilerinSavasi
Using Asset Import Pipeline V2.
Refreshing native plugins compatible for Editor in 37.01 ms, found 3 plugins.
Preloading 0 native plugins for Editor in 0.00 ms.
Initialize engine version: 2020.3.21f1 (a38c86f6690f)
[Subsystems] Discovering subsystems at path C:/Program Files/Unity/Hub/Editor/2020.3.21f1/Editor/Data/Resources/UnitySubsystems
[Subsystems] Discovering subsystems at path C:/Users/elena/Desktop/UNİTYYY/BitkilerinVeZombilerinSavasi/Assets
GfxDevice: creating device client; threaded=0
Direct3D:
    Version:  Direct3D 11.0 [level 11.1]
    Renderer: NVIDIA GeForce GTX 1650 Ti (ID=0x1f95)
    Vendor:   
    VRAM:     3962 MB
    Driver:   27.21.14.6242
Initialize mono
Mono path[0] = 'C:/Program Files/Unity/Hub/Editor/2020.3.21f1/Editor/Data/Managed'
Mono path[1] = 'C:/Program Files/Unity/Hub/Editor/2020.3.21f1/Editor/Data/MonoBleedingEdge/lib/mono/unityjit'
Mono config path = 'C:/Program Files/Unity/Hub/Editor/2020.3.21f1/Editor/Data/MonoBleedingEdge/etc'
Using monoOptions --debugger-agent=transport=dt_socket,embedding=1,server=y,suspend=n,address=127.0.0.1:56608
Begin MonoManager ReloadAssembly
Registering precompiled unity dll's ...
Register platform support module: C:/Program Files/Unity/Hub/Editor/2020.3.21f1/Editor/Data/PlaybackEngines/WebGLSupport/UnityEditor.WebGL.Extensions.dll
Register platform support module: C:/Program Files/Unity/Hub/Editor/2020.3.21f1/Editor/Data/PlaybackEngines/WindowsStandaloneSupport/UnityEditor.WindowsStandalone.Extensions.dll
Registered in 0.001752 seconds.
Native extension for WindowsStandalone target not found
Native extension for WebGL target not found
Refreshing native plugins compatible for Editor in 34.98 ms, found 3 plugins.
Preloading 0 native plugins for Editor in 0.00 ms.
Mono: successfully reloaded assembly
- Completed reload, in  1.690 seconds
Domain Reload Profiling:
	ReloadAssembly (1690ms)
		BeginReloadAssembly (41ms)
			ExecutionOrderSort (0ms)
			DisableScriptedObjects (0ms)
			BackupInstance (0ms)
			ReleaseScriptingObjects (0ms)
			CreateAndSetChildDomain (1ms)
		EndReloadAssembly (361ms)
			LoadAssemblies (40ms)
			RebuildTransferFunctionScriptingTraits (0ms)
			SetupTypeCache (119ms)
			ReleaseScriptCaches (0ms)
			RebuildScriptCaches (26ms)
			SetupLoadedEditorAssemblies (137ms)
				LogAssemblyErrors (0ms)
				InitializePlatformSupportModulesInManaged (4ms)
				SetLoadedEditorAssemblies (0ms)
				RefreshPlugins (35ms)
				BeforeProcessingInitializeOnLoad (14ms)
				ProcessInitializeOnLoadAttributes (63ms)
				ProcessInitializeOnLoadMethodAttributes (22ms)
				AfterProcessingInitializeOnLoad (0ms)
				EditorAssembliesLoaded (0ms)
			ExecutionOrderSort2 (0ms)
			AwakeInstancesAfterBackupRestoration (0ms)
Platform modules already initialized, skipping
Registering precompiled user dll's ...
Registered in 0.003485 seconds.
Begin MonoManager ReloadAssembly
Native extension for WindowsStandalone target not found
Native extension for WebGL target not found
Refreshing native plugins compatible for Editor in 33.76 ms, found 3 plugins.
Preloading 0 native plugins for Editor in 0.00 ms.
Mono: successfully reloaded assembly
- Completed reload, in  0.932 seconds
Domain Reload Profiling:
	ReloadAssembly (932ms)
		BeginReloadAssembly (119ms)
			ExecutionOrderSort (0ms)
			DisableScriptedObjects (4ms)
			BackupInstance (0ms)
			ReleaseScriptingObjects (0ms)
			CreateAndSetChildDomain (15ms)
		EndReloadAssembly (762ms)
			LoadAssemblies (72ms)
			RebuildTransferFunctionScriptingTraits (0ms)
			SetupTypeCache (249ms)
			ReleaseScriptCaches (0ms)
			RebuildScriptCaches (38ms)
			SetupLoadedEditorAssemblies (297ms)
				LogAssemblyErrors (0ms)
				InitializePlatformSupportModulesInManaged (4ms)
				SetLoadedEditorAssemblies (0ms)
				RefreshPlugins (34ms)
				BeforeProcessingInitializeOnLoad (64ms)
				ProcessInitializeOnLoadAttributes (179ms)
				ProcessInitializeOnLoadMethodAttributes (12ms)
				AfterProcessingInitializeOnLoad (5ms)
				EditorAssembliesLoaded (0ms)
			ExecutionOrderSort2 (0ms)
			AwakeInstancesAfterBackupRestoration (5ms)
Platform modules already initialized, skipping
========================================================================
Worker process is ready to serve import requests
Launched and connected shader compiler UnityShaderCompiler.exe after 0.05 seconds
Refreshing native plugins compatible for Editor in 0.40 ms, found 3 plugins.
Preloading 0 native plugins for Editor in 0.00 ms.
Unloading 2189 Unused Serialized files (Serialized files now loaded: 0)
System memory in use before: 95.7 MB.
System memory in use after: 95.8 MB.

Unloading 28 unused Assets to reduce memory usage. Loaded Objects now: 2623.
Total: 2.556900 ms (FindLiveObjects: 0.166800 ms CreateObjectMapping: 0.076800 ms MarkObjects: 2.266900 ms  DeleteObjects: 0.045600 ms)

AssetImportParameters requested are different than current active one (requested -> active):
  custom:framework-win-MediaFoundation: 216162199b28c13a410421893ffa2e32 -> 
  custom:video-decoder-ogg-theora: a1e56fd34408186e4bbccfd4996cb3dc -> 
  custom:container-muxer-webm: aa71ff27fc2769a1b78a27578f13a17b -> 
  custom:container-demuxer-webm: 4f35f7cbe854078d1ac9338744f61a02 -> 
  custom:container-demuxer-ogg: 62fdf1f143b41e24485cea50d1cbac27 -> 
  custom:video-encoder-webm-vp8: eb34c28f22e8b96e1ab97ce403110664 -> 
  custom:video-decoder-webm-vp8: 9c59270c3fd7afecdb556c50c9e8de78 -> 
  custom:audio-decoder-ogg-vorbis: bf7c407c2cedff20999df2af8eb42d56 -> 
  custom:audio-encoder-webm-vorbis: bf7c407c2cedff20999df2af8eb42d56 -> 
========================================================================
Received Import Request.
  path: Assets/Sprites/npc_cactus__x1_idle_png_1354833520.png
  artifactKey: Guid(b4acf03b8f777ce4280a5db7a5b7e892) Importer(815301076,1909f56bfc062723c751e8b465ee728b)
Start importing Assets/Sprites/npc_cactus__x1_idle_png_1354833520.png using Guid(b4acf03b8f777ce4280a5db7a5b7e892) Importer(815301076,1909f56bfc062723c751e8b465ee728b)  -> (artifact id: '68f0196f6d003672da905f82056837c8') in 0.121095 seconds 
  Import took 0.124004 seconds .

========================================================================
Received Import Request.
  Time since last request: 0.000195 seconds.
  path: Assets/Sprites/npc_cactus__x1_talk_png_1354833515.png
  artifactKey: Guid(5bd315b898d7f574e951d17bc25b44ba) Importer(815301076,1909f56bfc062723c751e8b465ee728b)
Start importing Assets/Sprites/npc_cactus__x1_talk_png_1354833515.png using Guid(5bd315b898d7f574e951d17bc25b44ba) Importer(815301076,1909f56bfc062723c751e8b465ee728b)  -> (artifact id: '87427e0a43149b99bd1fe563b9ed92d9') in 0.034164 seconds 
  Import took 0.036904 seconds .

========================================================================
Received Import Request.
  Time since last request: 4.225426 seconds.
  path: Assets/Sprites/Kaktus
  artifactKey: Guid(a0fec7c2862871640ae3d42ac52568e1) Importer(815301076,1909f56bfc062723c751e8b465ee728b)
Start importing Assets/Sprites/Kaktus using Guid(a0fec7c2862871640ae3d42ac52568e1) Importer(815301076,1909f56bfc062723c751e8b465ee728b)  -> (artifact id: '35aeae42d7d861e3ee25afe07955da63') in 0.007932 seconds 
  Import took 0.011271 seconds .

========================================================================
Received Import Request.
  Time since last request: 95.973159 seconds.
  path: Assets/Sprites/Kaktus/npc_cactus__x1_idle_png_1354833520.png
  artifactKey: Guid(b4acf03b8f777ce4280a5db7a5b7e892) Importer(815301076,1909f56bfc062723c751e8b465ee728b)
Start importing Assets/Sprites/Kaktus/npc_cactus__x1_idle_png_1354833520.png using Guid(b4acf03b8f777ce4280a5db7a5b7e892) Importer(815301076,1909f56bfc062723c751e8b465ee728b)  -> (artifact id: '95439177ce73ec8aab4a6520b48c1c20') in 0.010287 seconds 
  Import took 0.013176 seconds .

========================================================================
Received Import Request.
  Time since last request: 24.085376 seconds.
  path: Assets/Sprites/Kaktus/İdle.png
  artifactKey: Guid(b4acf03b8f777ce4280a5db7a5b7e892) Importer(815301076,1909f56bfc062723c751e8b465ee728b)
Start importing Assets/Sprites/Kaktus/İdle.png using Guid(b4acf03b8f777ce4280a5db7a5b7e892) Importer(815301076,1909f56bfc062723c751e8b465ee728b)  -> (artifact id: '9efc266234ff5ff456e26fe57ca250b4') in 0.019908 seconds 
  Import took 0.023020 seconds .

========================================================================
Received Import Request.
  Time since last request: 19.507613 seconds.
  path: Assets/Sprites/Kaktus/attack.png
  artifactKey: Guid(5bd315b898d7f574e951d17bc25b44ba) Importer(815301076,1909f56bfc062723c751e8b465ee728b)
Start importing Assets/Sprites/Kaktus/attack.png using Guid(5bd315b898d7f574e951d17bc25b44ba) Importer(815301076,1909f56bfc062723c751e8b465ee728b)  -> (artifact id: '64108ea6108d9215a245cc3307e5c6da') in 0.030315 seconds 
  Import took 0.033405 seconds .

========================================================================
Received Import Request.
  Time since last request: 59.897377 seconds.
  path: Assets/Sprites/Kaktus/İdle.png
  artifactKey: Guid(b4acf03b8f777ce4280a5db7a5b7e892) Importer(815301076,1909f56bfc062723c751e8b465ee728b)
Start importing Assets/Sprites/Kaktus/İdle.png using Guid(b4acf03b8f777ce4280a5db7a5b7e892) Importer(815301076,1909f56bfc062723c751e8b465ee728b)  -> (artifact id: 'cde9961a52524bf39c7819881b0f5bef') in 0.151952 seconds 
  Import took 0.155164 seconds .

========================================================================
Received Import Request.
  Time since last request: 28.654806 seconds.
  path: Assets/Sprites/Kaktus/attack kaktus.png
  artifactKey: Guid(5bd315b898d7f574e951d17bc25b44ba) Importer(815301076,1909f56bfc062723c751e8b465ee728b)
Start importing Assets/Sprites/Kaktus/attack kaktus.png using Guid(5bd315b898d7f574e951d17bc25b44ba) Importer(815301076,1909f56bfc062723c751e8b465ee728b)  -> (artifact id: '5f957431ea51c0f8f7d897f137826e0b') in 0.031751 seconds 
  Import took 0.034854 seconds .

========================================================================
Received Import Request.
  Time since last request: 36.876704 seconds.
  path: Assets/Sprites/Kaktus/İdleKaktus.png
  artifactKey: Guid(b4acf03b8f777ce4280a5db7a5b7e892) Importer(815301076,1909f56bfc062723c751e8b465ee728b)
Start importing Assets/Sprites/Kaktus/İdleKaktus.png using Guid(b4acf03b8f777ce4280a5db7a5b7e892) Importer(815301076,1909f56bfc062723c751e8b465ee728b)  -> (artifact id: '7054fe3327dfd0b6a7388c9c26769a65') in 0.181032 seconds 
  Import took 0.184247 seconds .

========================================================================
Received Import Request.
  Time since last request: 18.483263 seconds.
  path: Assets/Sprites/Kaktus/npc_cactus__x1_idle_png_1354833520.png
  artifactKey: Guid(b4acf03b8f777ce4280a5db7a5b7e892) Importer(815301076,1909f56bfc062723c751e8b465ee728b)
Start importing Assets/Sprites/Kaktus/npc_cactus__x1_idle_png_1354833520.png using Guid(b4acf03b8f777ce4280a5db7a5b7e892) Importer(815301076,1909f56bfc062723c751e8b465ee728b)  -> (artifact id: '41066f67a9437a0d469f030aa0aad20a') in 0.169328 seconds 
  Import took 0.172489 seconds .

========================================================================
Received Import Request.
  Time since last request: 22.053765 seconds.
  path: Assets/Sprites/Kaktus/KaktusIdle.png
  artifactKey: Guid(b4acf03b8f777ce4280a5db7a5b7e892) Importer(815301076,1909f56bfc062723c751e8b465ee728b)
Start importing Assets/Sprites/Kaktus/KaktusIdle.png using Guid(b4acf03b8f777ce4280a5db7a5b7e892) Importer(815301076,1909f56bfc062723c751e8b465ee728b)  -> (artifact id: '7d7e4a68f87846085316ebff61af7bc1') in 0.158361 seconds 
  Import took 0.161746 seconds .

========================================================================
Received Import Request.
  Time since last request: 15.926978 seconds.
  path: Assets/Sprites/Kaktus/KaktusAttack.png
  artifactKey: Guid(5bd315b898d7f574e951d17bc25b44ba) Importer(815301076,1909f56bfc062723c751e8b465ee728b)
Start importing Assets/Sprites/Kaktus/KaktusAttack.png using Guid(5bd315b898d7f574e951d17bc25b44ba) Importer(815301076,1909f56bfc062723c751e8b465ee728b)  -> (artifact id: '5502a9aef8e35181191fae6f2af0072e') in 0.036890 seconds 
  Import took 0.039949 seconds .

========================================================================
Received Import Request.
  Time since last request: 20.700464 seconds.
  path: Assets/Sprites/Kaktus/KaktusAttack.png
  artifactKey: Guid(5bd315b898d7f574e951d17bc25b44ba) Importer(815301076,1909f56bfc062723c751e8b465ee728b)
Start importing Assets/Sprites/Kaktus/KaktusAttack.png using Guid(5bd315b898d7f574e951d17bc25b44ba) Importer(815301076,1909f56bfc062723c751e8b465ee728b)  -> (artifact id: '50f3831d6bf1445896a6309623548ce1') in 0.016321 seconds 
  Import took 0.019399 seconds .

========================================================================
Received Import Request.
  Time since last request: 18.880934 seconds.
  path: Assets/Sprites/Kaktus/KaktusAttack.png
  artifactKey: Guid(5bd315b898d7f574e951d17bc25b44ba) Importer(815301076,1909f56bfc062723c751e8b465ee728b)
Start importing Assets/Sprites/Kaktus/KaktusAttack.png using Guid(5bd315b898d7f574e951d17bc25b44ba) Importer(815301076,1909f56bfc062723c751e8b465ee728b)  -> (artifact id: '967cdd17332a17d18a5d4562cd6ce4c2') in 0.249644 seconds 
  Import took 0.252949 seconds .

========================================================================
Received Import Request.
  Time since last request: 102.138451 seconds.
  path: Assets/Sprites/cucumber__x1_iconic_png_1354829795.png
  artifactKey: Guid(45a36639a5c710c4ea63f2e2b3535efd) Importer(815301076,1909f56bfc062723c751e8b465ee728b)
Start importing Assets/Sprites/cucumber__x1_iconic_png_1354829795.png using Guid(45a36639a5c710c4ea63f2e2b3535efd) Importer(815301076,1909f56bfc062723c751e8b465ee728b)  -> (artifact id: 'b62f145562d2b41edb3568f3259582bd') in 0.012350 seconds 
  Import took 0.015808 seconds .

========================================================================
Received Import Request.
  Time since last request: 35.985929 seconds.
  path: Assets/Sprites/Kaktus/weapon.png
  artifactKey: Guid(45a36639a5c710c4ea63f2e2b3535efd) Importer(815301076,1909f56bfc062723c751e8b465ee728b)
Start importing Assets/Sprites/Kaktus/weapon.png using Guid(45a36639a5c710c4ea63f2e2b3535efd) Importer(815301076,1909f56bfc062723c751e8b465ee728b)  -> (artifact id: 'aa28cc3d80227a7f14e12c8594accf31') in 0.019022 seconds 
  Import took 0.022704 seconds .

========================================================================
Received Import Request.
  Time since last request: 339.832530 seconds.
  path: Assets/Animations/Kaktus
  artifactKey: Guid(d6ae7fa86d9dc904da927ae0029bf2ee) Importer(815301076,1909f56bfc062723c751e8b465ee728b)
Start importing Assets/Animations/Kaktus using Guid(d6ae7fa86d9dc904da927ae0029bf2ee) Importer(815301076,1909f56bfc062723c751e8b465ee728b)  -> (artifact id: '04af53094ac728dfe6ce773af46d910a') in 0.003092 seconds 
  Import took 0.006275 seconds .

========================================================================
Received Import Request.
  Time since last request: 27.329312 seconds.
  path: Assets/Animations/Kaktus/New Animator Controller.controller
  artifactKey: Guid(e19d6576cbdb8ca4dbc3e8258e1b6d10) Importer(815301076,1909f56bfc062723c751e8b465ee728b)
Start importing Assets/Animations/Kaktus/New Animator Controller.controller using Guid(e19d6576cbdb8ca4dbc3e8258e1b6d10) Importer(815301076,1909f56bfc062723c751e8b465ee728b)  -> (artifact id: '99d2284731b754b2ff5cd30290c9b1c2') in 0.009603 seconds 
  Import took 0.013325 seconds .

========================================================================
Received Import Request.
  Time since last request: 5.311307 seconds.
  path: Assets/Animations/Kaktus/Kaktus.controller
  artifactKey: Guid(e19d6576cbdb8ca4dbc3e8258e1b6d10) Importer(815301076,1909f56bfc062723c751e8b465ee728b)
Start importing Assets/Animations/Kaktus/Kaktus.controller using Guid(e19d6576cbdb8ca4dbc3e8258e1b6d10) Importer(815301076,1909f56bfc062723c751e8b465ee728b)  -> (artifact id: '600feb7788307a609e8ed0cb1379489d') in 0.003008 seconds 
  Import took 0.007568 seconds .

========================================================================
Received Import Request.
  Time since last request: 343.554639 seconds.
  path: Assets/Sprites/Kaktus/KaktusIdle.png
  artifactKey: Guid(b4acf03b8f777ce4280a5db7a5b7e892) Importer(815301076,1909f56bfc062723c751e8b465ee728b)
Start importing Assets/Sprites/Kaktus/KaktusIdle.png using Guid(b4acf03b8f777ce4280a5db7a5b7e892) Importer(815301076,1909f56bfc062723c751e8b465ee728b)  -> (artifact id: 'e7a202b64d2a4445f8240e38c0f36da2') in 0.150327 seconds 
  Import took 0.164763 seconds .

========================================================================
Received Import Request.
  Time since last request: 309.490996 seconds.
  path: Assets/Sprites/Kaktus/KaktusAttack.png
  artifactKey: Guid(5bd315b898d7f574e951d17bc25b44ba) Importer(815301076,1909f56bfc062723c751e8b465ee728b)
Start importing Assets/Sprites/Kaktus/KaktusAttack.png using Guid(5bd315b898d7f574e951d17bc25b44ba) Importer(815301076,1909f56bfc062723c751e8b465ee728b)  -> (artifact id: '2f7a1fc1467f665986070da5e7e2de82') in 0.232648 seconds 
  Import took 0.236037 seconds .

========================================================================
Received Prepare
Registering precompiled user dll's ...
Registered in 0.003513 seconds.
Begin MonoManager ReloadAssembly
Native extension for WindowsStandalone target not found
Native extension for WebGL target not found
Refreshing native plugins compatible for Editor in 0.40 ms, found 3 plugins.
Preloading 0 native plugins for Editor in 0.00 ms.
Mono: successfully reloaded assembly
- Completed reload, in  0.865 seconds
Domain Reload Profiling:
	ReloadAssembly (865ms)
		BeginReloadAssembly (93ms)
			ExecutionOrderSort (0ms)
			DisableScriptedObjects (5ms)
			BackupInstance (0ms)
			ReleaseScriptingObjects (0ms)
			CreateAndSetChildDomain (30ms)
		EndReloadAssembly (724ms)
			LoadAssemblies (67ms)
			RebuildTransferFunctionScriptingTraits (0ms)
			SetupTypeCache (245ms)
			ReleaseScriptCaches (1ms)
			RebuildScriptCaches (37ms)
			SetupLoadedEditorAssemblies (283ms)
				LogAssemblyErrors (0ms)
				InitializePlatformSupportModulesInManaged (5ms)
				SetLoadedEditorAssemblies (0ms)
				RefreshPlugins (0ms)
				BeforeProcessingInitializeOnLoad (83ms)
				ProcessInitializeOnLoadAttributes (182ms)
				ProcessInitializeOnLoadMethodAttributes (8ms)
				AfterProcessingInitializeOnLoad (5ms)
				EditorAssembliesLoaded (0ms)
			ExecutionOrderSort2 (0ms)
			AwakeInstancesAfterBackupRestoration (7ms)
Platform modules already initialized, skipping
Refreshing native plugins compatible for Editor in 0.43 ms, found 3 plugins.
Preloading 0 native plugins for Editor in 0.00 ms.
Unloading 2178 Unused Serialized files (Serialized files now loaded: 0)
System memory in use before: 98.0 MB.
System memory in use after: 98.1 MB.

Unloading 17 unused Assets to reduce memory usage. Loaded Objects now: 2639.
Total: 2.794300 ms (FindLiveObjects: 0.184300 ms CreateObjectMapping: 0.083900 ms MarkObjects: 2.490000 ms  DeleteObjects: 0.035000 ms)

AssetImportParameters requested are different than current active one (requested -> active):
  custom:framework-win-MediaFoundation: 216162199b28c13a410421893ffa2e32 -> 
  custom:video-decoder-ogg-theora: a1e56fd34408186e4bbccfd4996cb3dc -> 
  custom:container-muxer-webm: aa71ff27fc2769a1b78a27578f13a17b -> 
  custom:container-demuxer-webm: 4f35f7cbe854078d1ac9338744f61a02 -> 
  custom:container-demuxer-ogg: 62fdf1f143b41e24485cea50d1cbac27 -> 
  custom:video-encoder-webm-vp8: eb34c28f22e8b96e1ab97ce403110664 -> 
  custom:video-decoder-webm-vp8: 9c59270c3fd7afecdb556c50c9e8de78 -> 
  custom:audio-decoder-ogg-vorbis: bf7c407c2cedff20999df2af8eb42d56 -> 
  custom:audio-encoder-webm-vorbis: bf7c407c2cedff20999df2af8eb42d56 -> 
========================================================================
Received Prepare
Registering precompiled user dll's ...
Registered in 0.003488 seconds.
Begin MonoManager ReloadAssembly
Native extension for WindowsStandalone target not found
Native extension for WebGL target not found
Refreshing native plugins compatible for Editor in 0.41 ms, found 3 plugins.
Preloading 0 native plugins for Editor in 0.00 ms.
Mono: successfully reloaded assembly
- Completed reload, in  0.835 seconds
Domain Reload Profiling:
	ReloadAssembly (835ms)
		BeginReloadAssembly (91ms)
			ExecutionOrderSort (0ms)
			DisableScriptedObjects (5ms)
			BackupInstance (0ms)
			ReleaseScriptingObjects (0ms)
			CreateAndSetChildDomain (29ms)
		EndReloadAssembly (694ms)
			LoadAssemblies (69ms)
			RebuildTransferFunctionScriptingTraits (0ms)
			SetupTypeCache (243ms)
			ReleaseScriptCaches (1ms)
			RebuildScriptCaches (35ms)
			SetupLoadedEditorAssemblies (265ms)
				LogAssemblyErrors (0ms)
				InitializePlatformSupportModulesInManaged (6ms)
				SetLoadedEditorAssemblies (0ms)
				RefreshPlugins (0ms)
				BeforeProcessingInitializeOnLoad (72ms)
				ProcessInitializeOnLoadAttributes (173ms)
				ProcessInitializeOnLoadMethodAttributes (8ms)
				AfterProcessingInitializeOnLoad (5ms)
				EditorAssembliesLoaded (0ms)
			ExecutionOrderSort2 (0ms)
			AwakeInstancesAfterBackupRestoration (7ms)
Platform modules already initialized, skipping
Refreshing native plugins compatible for Editor in 0.40 ms, found 3 plugins.
Preloading 0 native plugins for Editor in 0.00 ms.
Unloading 2178 Unused Serialized files (Serialized files now loaded: 0)
System memory in use before: 98.1 MB.
System memory in use after: 98.2 MB.

Unloading 17 unused Assets to reduce memory usage. Loaded Objects now: 2641.
Total: 2.504300 ms (FindLiveObjects: 0.164800 ms CreateObjectMapping: 0.078300 ms MarkObjects: 2.248100 ms  DeleteObjects: 0.012300 ms)

AssetImportParameters requested are different than current active one (requested -> active):
  custom:framework-win-MediaFoundation: 216162199b28c13a410421893ffa2e32 -> 
  custom:video-decoder-ogg-theora: a1e56fd34408186e4bbccfd4996cb3dc -> 
  custom:container-muxer-webm: aa71ff27fc2769a1b78a27578f13a17b -> 
  custom:container-demuxer-webm: 4f35f7cbe854078d1ac9338744f61a02 -> 
  custom:container-demuxer-ogg: 62fdf1f143b41e24485cea50d1cbac27 -> 
  custom:video-encoder-webm-vp8: eb34c28f22e8b96e1ab97ce403110664 -> 
  custom:video-decoder-webm-vp8: 9c59270c3fd7afecdb556c50c9e8de78 -> 
  custom:audio-decoder-ogg-vorbis: bf7c407c2cedff20999df2af8eb42d56 -> 
  custom:audio-encoder-webm-vorbis: bf7c407c2cedff20999df2af8eb42d56 -> 
========================================================================
Received Import Request.
  Time since last request: 1100.567427 seconds.
  path: Assets/Animations/npc_garden_gnome__x1_hopLoop_png_1354832665.png
  artifactKey: Guid(baa222d0695f7234a95a6b1ce3a003c7) Importer(815301076,1909f56bfc062723c751e8b465ee728b)
Start importing Assets/Animations/npc_garden_gnome__x1_hopLoop_png_1354832665.png using Guid(baa222d0695f7234a95a6b1ce3a003c7) Importer(815301076,1909f56bfc062723c751e8b465ee728b)  -> (artifact id: 'bc9e01649fdd32ff4ac5e6da8969d3f8') in 0.046763 seconds 
  Import took 0.050296 seconds .

========================================================================
Received Import Request.
  Time since last request: 0.000251 seconds.
  path: Assets/Animations/npc_garden_gnome__x1_idleBlink_png_1354832661.png
  artifactKey: Guid(d71faa19baa79db47a9d13e6fbd49a45) Importer(815301076,1909f56bfc062723c751e8b465ee728b)
Start importing Assets/Animations/npc_garden_gnome__x1_idleBlink_png_1354832661.png using Guid(d71faa19baa79db47a9d13e6fbd49a45) Importer(815301076,1909f56bfc062723c751e8b465ee728b)  -> (artifact id: 'e7f584e78692cb00a2d6b6a0c0181fd8') in 0.015724 seconds 
  Import took 0.018551 seconds .

========================================================================
Received Import Request.
  Time since last request: 19.971667 seconds.
  path: Assets/Animations/Cuce
  artifactKey: Guid(5b90110ce3a3f6f46adbd23606c0b403) Importer(815301076,1909f56bfc062723c751e8b465ee728b)
Start importing Assets/Animations/Cuce using Guid(5b90110ce3a3f6f46adbd23606c0b403) Importer(815301076,1909f56bfc062723c751e8b465ee728b)  -> (artifact id: '8b1b467b5927557ac151834497890733') in 0.005637 seconds 
  Import took 0.008852 seconds .

========================================================================
Received Import Request.
  Time since last request: 52.018920 seconds.
  path: Assets/Animations/Cuce/class_axe__x1_iconic_png_1354839797.png
  artifactKey: Guid(13e389f26aa6c6547a53aadca8e106d0) Importer(815301076,1909f56bfc062723c751e8b465ee728b)
Start importing Assets/Animations/Cuce/class_axe__x1_iconic_png_1354839797.png using Guid(13e389f26aa6c6547a53aadca8e106d0) Importer(815301076,1909f56bfc062723c751e8b465ee728b)  -> (artifact id: 'abb88d8bc422026f97a1f7bc491e8081') in 0.021545 seconds 
  Import took 0.025196 seconds .

========================================================================
Received Import Request.
  Time since last request: 72.544806 seconds.
  path: Assets/Sprites/greeter_stone_stone_stoneRight_x1_1_png_1354840040.png
  artifactKey: Guid(105b6977fd8d28847a1474fe00e05daa) Importer(815301076,1909f56bfc062723c751e8b465ee728b)
Start importing Assets/Sprites/greeter_stone_stone_stoneRight_x1_1_png_1354840040.png using Guid(105b6977fd8d28847a1474fe00e05daa) Importer(815301076,1909f56bfc062723c751e8b465ee728b)  -> (artifact id: '0c52f86d41dabb1262a3a306afc46a98') in 0.013626 seconds 
  Import took 0.016661 seconds .

========================================================================
Received Import Request.
  Time since last request: 38.566902 seconds.
  path: Assets/Sprites/Tas
  artifactKey: Guid(00996a50f0f728842bcb43fe26725526) Importer(815301076,1909f56bfc062723c751e8b465ee728b)
Start importing Assets/Sprites/Tas using Guid(00996a50f0f728842bcb43fe26725526) Importer(815301076,1909f56bfc062723c751e8b465ee728b)  -> (artifact id: '497bcfe4b14635de549987f2c3708eb3') in 0.005627 seconds 
  Import took 0.009039 seconds .

========================================================================
Received Import Request.
  Time since last request: 30.922432 seconds.
  path: Assets/Sprites/Tas/Tas.png
  artifactKey: Guid(105b6977fd8d28847a1474fe00e05daa) Importer(815301076,1909f56bfc062723c751e8b465ee728b)
Start importing Assets/Sprites/Tas/Tas.png using Guid(105b6977fd8d28847a1474fe00e05daa) Importer(815301076,1909f56bfc062723c751e8b465ee728b)  -> (artifact id: '89a664facfc2cc50629ede4aaf6562d3') in 0.023273 seconds 
  Import took 0.026528 seconds .

========================================================================
Received Import Request.
  Time since last request: 27.491012 seconds.
  path: Assets/Animations/Cuce/Idle.png
  artifactKey: Guid(d71faa19baa79db47a9d13e6fbd49a45) Importer(815301076,1909f56bfc062723c751e8b465ee728b)
Start importing Assets/Animations/Cuce/Idle.png using Guid(d71faa19baa79db47a9d13e6fbd49a45) Importer(815301076,1909f56bfc062723c751e8b465ee728b)  -> (artifact id: '3bc8c33a1bcdfef6d9930b3fdd4e0be1') in 0.018725 seconds 
  Import took 0.021799 seconds .

========================================================================
Received Import Request.
  Time since last request: 8.705793 seconds.
  path: Assets/Animations/Cuce/Attack.png
  artifactKey: Guid(baa222d0695f7234a95a6b1ce3a003c7) Importer(815301076,1909f56bfc062723c751e8b465ee728b)
Start importing Assets/Animations/Cuce/Attack.png using Guid(baa222d0695f7234a95a6b1ce3a003c7) Importer(815301076,1909f56bfc062723c751e8b465ee728b)  -> (artifact id: 'fd4ed33402c9af47c7585762e741d1e9') in 0.022022 seconds 
  Import took 0.024958 seconds .

========================================================================
Received Import Request.
  Time since last request: 8.419395 seconds.
  path: Assets/Animations/Cuce/weapon.png
  artifactKey: Guid(13e389f26aa6c6547a53aadca8e106d0) Importer(815301076,1909f56bfc062723c751e8b465ee728b)
Start importing Assets/Animations/Cuce/weapon.png using Guid(13e389f26aa6c6547a53aadca8e106d0) Importer(815301076,1909f56bfc062723c751e8b465ee728b)  -> (artifact id: '04703f987c823eb316444edb45cb38ac') in 0.018771 seconds 
  Import took 0.022058 seconds .

========================================================================
Received Import Request.
  Time since last request: 153.683416 seconds.
  path: Assets/Sprites/Cuce/Attack.png
  artifactKey: Guid(baa222d0695f7234a95a6b1ce3a003c7) Importer(815301076,1909f56bfc062723c751e8b465ee728b)
Start importing Assets/Sprites/Cuce/Attack.png using Guid(baa222d0695f7234a95a6b1ce3a003c7) Importer(815301076,1909f56bfc062723c751e8b465ee728b)  -> (artifact id: 'db5e7067192573689541f394748a2635') in 0.011751 seconds 
  Import took 0.014990 seconds .

========================================================================
Received Import Request.
  Time since last request: 32.176170 seconds.
  path: Assets/Sprites/Cuce/Attack.png
  artifactKey: Guid(baa222d0695f7234a95a6b1ce3a003c7) Importer(815301076,1909f56bfc062723c751e8b465ee728b)
Start importing Assets/Sprites/Cuce/Attack.png using Guid(baa222d0695f7234a95a6b1ce3a003c7) Importer(815301076,1909f56bfc062723c751e8b465ee728b)  -> (artifact id: 'bfb51d198a86a4f52c2119744fc139b2') in 0.054982 seconds 
  Import took 0.058042 seconds .

========================================================================
Received Import Request.
  Time since last request: 25.704261 seconds.
  path: Assets/Sprites/Cuce/Idle.png
  artifactKey: Guid(d71faa19baa79db47a9d13e6fbd49a45) Importer(815301076,1909f56bfc062723c751e8b465ee728b)
Start importing Assets/Sprites/Cuce/Idle.png using Guid(d71faa19baa79db47a9d13e6fbd49a45) Importer(815301076,1909f56bfc062723c751e8b465ee728b)  -> (artifact id: '3dbbeda76d667ce06aaa01cdaaa8f775') in 0.009843 seconds 
  Import took 0.013252 seconds .

========================================================================
Received Import Request.
  Time since last request: 14.393324 seconds.
  path: Assets/Sprites/Cuce/Idle.png
  artifactKey: Guid(d71faa19baa79db47a9d13e6fbd49a45) Importer(815301076,1909f56bfc062723c751e8b465ee728b)
Start importing Assets/Sprites/Cuce/Idle.png using Guid(d71faa19baa79db47a9d13e6fbd49a45) Importer(815301076,1909f56bfc062723c751e8b465ee728b)  -> (artifact id: '1ac62c52bd3789aeff6d1c34e49c1825') in 0.036520 seconds 
  Import took 0.039525 seconds .

========================================================================
Received Import Request.
  Time since last request: 30.901346 seconds.
  path: Assets/Animations/Cuce
  artifactKey: Guid(b7991315c271fcb41956dc6d0ae0f02b) Importer(815301076,1909f56bfc062723c751e8b465ee728b)
Start importing Assets/Animations/Cuce using Guid(b7991315c271fcb41956dc6d0ae0f02b) Importer(815301076,1909f56bfc062723c751e8b465ee728b)  -> (artifact id: 'd0f98e27e59614e7ff52c918a53e8b6a') in 0.002526 seconds 
  Import took 0.006550 seconds .

========================================================================
Received Import Request.
  Time since last request: 11.386815 seconds.
  path: Assets/Animations/Cuce/Cuce.controller
  artifactKey: Guid(fe0ff4a085d16224f98a7538c9db1f6b) Importer(815301076,1909f56bfc062723c751e8b465ee728b)
Start importing Assets/Animations/Cuce/Cuce.controller using Guid(fe0ff4a085d16224f98a7538c9db1f6b) Importer(815301076,1909f56bfc062723c751e8b465ee728b)  -> (artifact id: '88d6226e751b803e93e64a822043a3b2') in 0.004666 seconds 
  Import took 0.008100 seconds .

========================================================================
Received Prepare
Registering precompiled user dll's ...
Registered in 0.003285 seconds.
Begin MonoManager ReloadAssembly
Native extension for WindowsStandalone target not found
Native extension for WebGL target not found
Refreshing native plugins compatible for Editor in 0.40 ms, found 3 plugins.
Preloading 0 native plugins for Editor in 0.00 ms.
Mono: successfully reloaded assembly
- Completed reload, in  0.855 seconds
Domain Reload Profiling:
	ReloadAssembly (855ms)
		BeginReloadAssembly (107ms)
			ExecutionOrderSort (0ms)
			DisableScriptedObjects (5ms)
			BackupInstance (0ms)
			ReleaseScriptingObjects (0ms)
			CreateAndSetChildDomain (33ms)
		EndReloadAssembly (699ms)
			LoadAssemblies (71ms)
			RebuildTransferFunctionScriptingTraits (0ms)
			SetupTypeCache (244ms)
			ReleaseScriptCaches (1ms)
			RebuildScriptCaches (36ms)
			SetupLoadedEditorAssemblies (267ms)
				LogAssemblyErrors (0ms)
				InitializePlatformSupportModulesInManaged (5ms)
				SetLoadedEditorAssemblies (0ms)
				RefreshPlugins (0ms)
				BeforeProcessingInitializeOnLoad (73ms)
				ProcessInitializeOnLoadAttributes (175ms)
				ProcessInitializeOnLoadMethodAttributes (8ms)
				AfterProcessingInitializeOnLoad (5ms)
				EditorAssembliesLoaded (0ms)
			ExecutionOrderSort2 (0ms)
			AwakeInstancesAfterBackupRestoration (7ms)
Platform modules already initialized, skipping
Refreshing native plugins compatible for Editor in 0.41 ms, found 3 plugins.
Preloading 0 native plugins for Editor in 0.00 ms.
Unloading 2178 Unused Serialized files (Serialized files now loaded: 0)
System memory in use before: 98.1 MB.
System memory in use after: 98.2 MB.

Unloading 17 unused Assets to reduce memory usage. Loaded Objects now: 2654.
Total: 2.553500 ms (FindLiveObjects: 0.178400 ms CreateObjectMapping: 0.080400 ms MarkObjects: 2.280700 ms  DeleteObjects: 0.013200 ms)

AssetImportParameters requested are different than current active one (requested -> active):
  custom:framework-win-MediaFoundation: 216162199b28c13a410421893ffa2e32 -> 
  custom:video-decoder-ogg-theora: a1e56fd34408186e4bbccfd4996cb3dc -> 
  custom:container-muxer-webm: aa71ff27fc2769a1b78a27578f13a17b -> 
  custom:container-demuxer-webm: 4f35f7cbe854078d1ac9338744f61a02 -> 
  custom:container-demuxer-ogg: 62fdf1f143b41e24485cea50d1cbac27 -> 
  custom:video-encoder-webm-vp8: eb34c28f22e8b96e1ab97ce403110664 -> 
  custom:video-decoder-webm-vp8: 9c59270c3fd7afecdb556c50c9e8de78 -> 
  custom:audio-decoder-ogg-vorbis: bf7c407c2cedff20999df2af8eb42d56 -> 
  custom:audio-encoder-webm-vorbis: bf7c407c2cedff20999df2af8eb42d56 -> 
========================================================================
Received Prepare
Registering precompiled user dll's ...
Registered in 0.003060 seconds.
Begin MonoManager ReloadAssembly
Native extension for WindowsStandalone target not found
Native extension for WebGL target not found
Refreshing native plugins compatible for Editor in 0.48 ms, found 3 plugins.
Preloading 0 native plugins for Editor in 0.00 ms.
Mono: successfully reloaded assembly
- Completed reload, in  0.838 seconds
Domain Reload Profiling:
	ReloadAssembly (838ms)
		BeginReloadAssembly (94ms)
			ExecutionOrderSort (0ms)
			DisableScriptedObjects (5ms)
			BackupInstance (0ms)
			ReleaseScriptingObjects (0ms)
			CreateAndSetChildDomain (28ms)
		EndReloadAssembly (695ms)
			LoadAssemblies (70ms)
			RebuildTransferFunctionScriptingTraits (0ms)
			SetupTypeCache (236ms)
			ReleaseScriptCaches (1ms)
			RebuildScriptCaches (34ms)
			SetupLoadedEditorAssemblies (272ms)
				LogAssemblyErrors (0ms)
				InitializePlatformSupportModulesInManaged (5ms)
				SetLoadedEditorAssemblies (0ms)
				RefreshPlugins (1ms)
				BeforeProcessingInitializeOnLoad (72ms)
				ProcessInitializeOnLoadAttributes (182ms)
				ProcessInitializeOnLoadMethodAttributes (8ms)
				AfterProcessingInitializeOnLoad (5ms)
				EditorAssembliesLoaded (0ms)
			ExecutionOrderSort2 (0ms)
			AwakeInstancesAfterBackupRestoration (7ms)
Platform modules already initialized, skipping
Refreshing native plugins compatible for Editor in 0.42 ms, found 3 plugins.
Preloading 0 native plugins for Editor in 0.00 ms.
Unloading 2178 Unused Serialized files (Serialized files now loaded: 0)
System memory in use before: 98.1 MB.
System memory in use after: 98.2 MB.

Unloading 17 unused Assets to reduce memory usage. Loaded Objects now: 2656.
Total: 2.633800 ms (FindLiveObjects: 0.180900 ms CreateObjectMapping: 0.080900 ms MarkObjects: 2.357600 ms  DeleteObjects: 0.013900 ms)

AssetImportParameters requested are different than current active one (requested -> active):
  custom:framework-win-MediaFoundation: 216162199b28c13a410421893ffa2e32 -> 
  custom:video-decoder-ogg-theora: a1e56fd34408186e4bbccfd4996cb3dc -> 
  custom:container-muxer-webm: aa71ff27fc2769a1b78a27578f13a17b -> 
  custom:container-demuxer-webm: 4f35f7cbe854078d1ac9338744f61a02 -> 
  custom:container-demuxer-ogg: 62fdf1f143b41e24485cea50d1cbac27 -> 
  custom:video-encoder-webm-vp8: eb34c28f22e8b96e1ab97ce403110664 -> 
  custom:video-decoder-webm-vp8: 9c59270c3fd7afecdb556c50c9e8de78 -> 
  custom:audio-decoder-ogg-vorbis: bf7c407c2cedff20999df2af8eb42d56 -> 
  custom:audio-encoder-webm-vorbis: bf7c407c2cedff20999df2af8eb42d56 -> 
========================================================================
Received Prepare
Registering precompiled user dll's ...
Registered in 0.003271 seconds.
Begin MonoManager ReloadAssembly
Native extension for WindowsStandalone target not found
Native extension for WebGL target not found
Refreshing native plugins compatible for Editor in 0.40 ms, found 3 plugins.
Preloading 0 native plugins for Editor in 0.00 ms.
Mono: successfully reloaded assembly
- Completed reload, in  0.852 seconds
Domain Reload Profiling:
	ReloadAssembly (852ms)
		BeginReloadAssembly (93ms)
			ExecutionOrderSort (0ms)
			DisableScriptedObjects (5ms)
			BackupInstance (0ms)
			ReleaseScriptingObjects (0ms)
			CreateAndSetChildDomain (28ms)
		EndReloadAssembly (706ms)
			LoadAssemblies (71ms)
			RebuildTransferFunctionScriptingTraits (0ms)
			SetupTypeCache (243ms)
			ReleaseScriptCaches (1ms)
			RebuildScriptCaches (34ms)
			SetupLoadedEditorAssemblies (270ms)
				LogAssemblyErrors (0ms)
				InitializePlatformSupportModulesInManaged (5ms)
				SetLoadedEditorAssemblies (0ms)
				RefreshPlugins (0ms)
				BeforeProcessingInitializeOnLoad (74ms)
				ProcessInitializeOnLoadAttributes (178ms)
				ProcessInitializeOnLoadMethodAttributes (8ms)
				AfterProcessingInitializeOnLoad (5ms)
				EditorAssembliesLoaded (0ms)
			ExecutionOrderSort2 (0ms)
			AwakeInstancesAfterBackupRestoration (8ms)
Platform modules already initialized, skipping
Refreshing native plugins compatible for Editor in 0.42 ms, found 3 plugins.
Preloading 0 native plugins for Editor in 0.00 ms.
Unloading 2178 Unused Serialized files (Serialized files now loaded: 0)
System memory in use before: 98.1 MB.
System memory in use after: 98.3 MB.

Unloading 17 unused Assets to reduce memory usage. Loaded Objects now: 2658.
Total: 2.654100 ms (FindLiveObjects: 0.164900 ms CreateObjectMapping: 0.069800 ms MarkObjects: 2.405400 ms  DeleteObjects: 0.013200 ms)

AssetImportParameters requested are different than current active one (requested -> active):
  custom:framework-win-MediaFoundation: 216162199b28c13a410421893ffa2e32 -> 
  custom:video-decoder-ogg-theora: a1e56fd34408186e4bbccfd4996cb3dc -> 
  custom:container-muxer-webm: aa71ff27fc2769a1b78a27578f13a17b -> 
  custom:container-demuxer-webm: 4f35f7cbe854078d1ac9338744f61a02 -> 
  custom:container-demuxer-ogg: 62fdf1f143b41e24485cea50d1cbac27 -> 
  custom:video-encoder-webm-vp8: eb34c28f22e8b96e1ab97ce403110664 -> 
  custom:video-decoder-webm-vp8: 9c59270c3fd7afecdb556c50c9e8de78 -> 
  custom:audio-decoder-ogg-vorbis: bf7c407c2cedff20999df2af8eb42d56 -> 
  custom:audio-encoder-webm-vorbis: bf7c407c2cedff20999df2af8eb42d56 -> 
========================================================================
Received Import Request.
  Time since last request: 7636.576073 seconds.
  path: Assets/Animations/Tas
  artifactKey: Guid(d80f220ae49878f46a582f8be6f1638d) Importer(815301076,1909f56bfc062723c751e8b465ee728b)
Start importing Assets/Animations/Tas using Guid(d80f220ae49878f46a582f8be6f1638d) Importer(815301076,1909f56bfc062723c751e8b465ee728b)  -> (artifact id: '4d78213401ce61bee424beefe3229fa2') in 0.011841 seconds 
  Import took 0.015755 seconds .

========================================================================
Received Import Request.
  Time since last request: 45.955083 seconds.
  path: Assets/Animations/Tas/Tas.controller
  artifactKey: Guid(72a1a4ea2cff4244c99c5c093932fb76) Importer(815301076,1909f56bfc062723c751e8b465ee728b)
Start importing Assets/Animations/Tas/Tas.controller using Guid(72a1a4ea2cff4244c99c5c093932fb76) Importer(815301076,1909f56bfc062723c751e8b465ee728b)  -> (artifact id: '07561a2f4f2e72558d6082e8b358c8d2') in 0.012148 seconds 
  Import took 0.015909 seconds .

========================================================================
Received Prepare
Registering precompiled user dll's ...
Registered in 0.006824 seconds.
Begin MonoManager ReloadAssembly
Native extension for WindowsStandalone target not found
Native extension for WebGL target not found
Refreshing native plugins compatible for Editor in 0.40 ms, found 3 plugins.
Preloading 0 native plugins for Editor in 0.00 ms.
Mono: successfully reloaded assembly
- Completed reload, in  0.885 seconds
Domain Reload Profiling:
	ReloadAssembly (886ms)
		BeginReloadAssembly (111ms)
			ExecutionOrderSort (0ms)
			DisableScriptedObjects (6ms)
			BackupInstance (0ms)
			ReleaseScriptingObjects (0ms)
			CreateAndSetChildDomain (42ms)
		EndReloadAssembly (721ms)
			LoadAssemblies (82ms)
			RebuildTransferFunctionScriptingTraits (0ms)
			SetupTypeCache (251ms)
			ReleaseScriptCaches (1ms)
			RebuildScriptCaches (33ms)
			SetupLoadedEditorAssemblies (269ms)
				LogAssemblyErrors (0ms)
				InitializePlatformSupportModulesInManaged (5ms)
				SetLoadedEditorAssemblies (0ms)
				RefreshPlugins (0ms)
				BeforeProcessingInitializeOnLoad (74ms)
				ProcessInitializeOnLoadAttributes (171ms)
				ProcessInitializeOnLoadMethodAttributes (11ms)
				AfterProcessingInitializeOnLoad (8ms)
				EditorAssembliesLoaded (0ms)
			ExecutionOrderSort2 (0ms)
			AwakeInstancesAfterBackupRestoration (10ms)
Platform modules already initialized, skipping
Refreshing native plugins compatible for Editor in 0.53 ms, found 3 plugins.
Preloading 0 native plugins for Editor in 0.00 ms.
Unloading 2178 Unused Serialized files (Serialized files now loaded: 0)
System memory in use before: 98.1 MB.
System memory in use after: 98.3 MB.

Unloading 17 unused Assets to reduce memory usage. Loaded Objects now: 2660.
Total: 2.802500 ms (FindLiveObjects: 0.192000 ms CreateObjectMapping: 0.103400 ms MarkObjects: 2.487400 ms  DeleteObjects: 0.019000 ms)

AssetImportParameters requested are different than current active one (requested -> active):
  custom:framework-win-MediaFoundation: 216162199b28c13a410421893ffa2e32 -> 
  custom:video-decoder-ogg-theora: a1e56fd34408186e4bbccfd4996cb3dc -> 
  custom:container-muxer-webm: aa71ff27fc2769a1b78a27578f13a17b -> 
  custom:container-demuxer-webm: 4f35f7cbe854078d1ac9338744f61a02 -> 
  custom:container-demuxer-ogg: 62fdf1f143b41e24485cea50d1cbac27 -> 
  custom:video-encoder-webm-vp8: eb34c28f22e8b96e1ab97ce403110664 -> 
  custom:video-decoder-webm-vp8: 9c59270c3fd7afecdb556c50c9e8de78 -> 
  custom:audio-decoder-ogg-vorbis: bf7c407c2cedff20999df2af8eb42d56 -> 
  custom:audio-encoder-webm-vorbis: bf7c407c2cedff20999df2af8eb42d56 -> 
========================================================================
Received Prepare
Registering precompiled user dll's ...
Registered in 0.003182 seconds.
Begin MonoManager ReloadAssembly
Native extension for WindowsStandalone target not found
Native extension for WebGL target not found
Refreshing native plugins compatible for Editor in 0.40 ms, found 3 plugins.
Preloading 0 native plugins for Editor in 0.00 ms.
Mono: successfully reloaded assembly
- Completed reload, in  0.869 seconds
Domain Reload Profiling:
	ReloadAssembly (870ms)
		BeginReloadAssembly (128ms)
			ExecutionOrderSort (0ms)
			DisableScriptedObjects (5ms)
			BackupInstance (0ms)
			ReleaseScriptingObjects (0ms)
			CreateAndSetChildDomain (37ms)
		EndReloadAssembly (693ms)
			LoadAssemblies (70ms)
			RebuildTransferFunctionScriptingTraits (0ms)
			SetupTypeCache (237ms)
			ReleaseScriptCaches (1ms)
			RebuildScriptCaches (36ms)
			SetupLoadedEditorAssemblies (268ms)
				LogAssemblyErrors (0ms)
				InitializePlatformSupportModulesInManaged (5ms)
				SetLoadedEditorAssemblies (0ms)
				RefreshPlugins (0ms)
				BeforeProcessingInitializeOnLoad (73ms)
				ProcessInitializeOnLoadAttributes (177ms)
				ProcessInitializeOnLoadMethodAttributes (8ms)
				AfterProcessingInitializeOnLoad (5ms)
				EditorAssembliesLoaded (0ms)
			ExecutionOrderSort2 (0ms)
			AwakeInstancesAfterBackupRestoration (7ms)
Platform modules already initialized, skipping
Refreshing native plugins compatible for Editor in 0.40 ms, found 3 plugins.
Preloading 0 native plugins for Editor in 0.00 ms.
Unloading 2178 Unused Serialized files (Serialized files now loaded: 0)
System memory in use before: 98.1 MB.
System memory in use after: 98.3 MB.

Unloading 17 unused Assets to reduce memory usage. Loaded Objects now: 2662.
Total: 2.642600 ms (FindLiveObjects: 0.162400 ms CreateObjectMapping: 0.071100 ms MarkObjects: 2.372600 ms  DeleteObjects: 0.035900 ms)

AssetImportParameters requested are different than current active one (requested -> active):
  custom:framework-win-MediaFoundation: 216162199b28c13a410421893ffa2e32 -> 
  custom:video-decoder-ogg-theora: a1e56fd34408186e4bbccfd4996cb3dc -> 
  custom:container-muxer-webm: aa71ff27fc2769a1b78a27578f13a17b -> 
  custom:container-demuxer-webm: 4f35f7cbe854078d1ac9338744f61a02 -> 
  custom:container-demuxer-ogg: 62fdf1f143b41e24485cea50d1cbac27 -> 
  custom:video-encoder-webm-vp8: eb34c28f22e8b96e1ab97ce403110664 -> 
  custom:video-decoder-webm-vp8: 9c59270c3fd7afecdb556c50c9e8de78 -> 
  custom:audio-decoder-ogg-vorbis: bf7c407c2cedff20999df2af8eb42d56 -> 
  custom:audio-encoder-webm-vorbis: bf7c407c2cedff20999df2af8eb42d56 -> 
========================================================================
Received Import Request.
  Time since last request: 1645.654868 seconds.
  path: Assets/Sprites/Tilki
  artifactKey: Guid(70b40a359a813d4469d214da1d3f0d07) Importer(815301076,1909f56bfc062723c751e8b465ee728b)
Start importing Assets/Sprites/Tilki using Guid(70b40a359a813d4469d214da1d3f0d07) Importer(815301076,1909f56bfc062723c751e8b465ee728b)  -> (artifact id: 'e443c39282ea1ab5c55cba848010ea98') in 0.009209 seconds 
  Import took 0.026074 seconds .

========================================================================
Received Import Request.
  Time since last request: 168.946404 seconds.
  path: Assets/Sprites/Tilki/npc_fox_fox_orangeFox_x1_eatEnd_png_1354839590.png
  artifactKey: Guid(23932c33c344ed44f94498304e9b663e) Importer(815301076,1909f56bfc062723c751e8b465ee728b)
Start importing Assets/Sprites/Tilki/npc_fox_fox_orangeFox_x1_eatEnd_png_1354839590.png using Guid(23932c33c344ed44f94498304e9b663e) Importer(815301076,1909f56bfc062723c751e8b465ee728b)  -> (artifact id: 'bbfb430a356da19c3b6be90dca353371') in 0.066967 seconds 
  Import took 0.070877 seconds .

========================================================================
Received Import Request.
  Time since last request: 0.000238 seconds.
  path: Assets/Sprites/Tilki/npc_fox_fox_orangeFox_x1_jump_png_1354839594.png
  artifactKey: Guid(ff47fcd9cfba2a140ae21821466ea6c4) Importer(815301076,1909f56bfc062723c751e8b465ee728b)
Start importing Assets/Sprites/Tilki/npc_fox_fox_orangeFox_x1_jump_png_1354839594.png using Guid(ff47fcd9cfba2a140ae21821466ea6c4) Importer(815301076,1909f56bfc062723c751e8b465ee728b)  -> (artifact id: '3e3910fa91e601cd2d121ae63ba7c8d4') in 0.025179 seconds 
  Import took 0.028377 seconds .

========================================================================
Received Import Request.
  Time since last request: 0.000150 seconds.
  path: Assets/Sprites/Tilki/npc_fox_fox_orangeFox_x1_walk_png_1354839598.png
  artifactKey: Guid(1bdbabe7334240c4e947f645f8b890b5) Importer(815301076,1909f56bfc062723c751e8b465ee728b)
Start importing Assets/Sprites/Tilki/npc_fox_fox_orangeFox_x1_walk_png_1354839598.png using Guid(1bdbabe7334240c4e947f645f8b890b5) Importer(815301076,1909f56bfc062723c751e8b465ee728b)  -> (artifact id: 'e30f14e4c2951704dc0df07cbfb6708c') in 0.025003 seconds 
  Import took 0.028002 seconds .

========================================================================
Received Import Request.
  Time since last request: 12.159382 seconds.
  path: Assets/Sprites/Tilki/Attack.png
  artifactKey: Guid(23932c33c344ed44f94498304e9b663e) Importer(815301076,1909f56bfc062723c751e8b465ee728b)
Start importing Assets/Sprites/Tilki/Attack.png using Guid(23932c33c344ed44f94498304e9b663e) Importer(815301076,1909f56bfc062723c751e8b465ee728b)  -> (artifact id: '130790a847b428a3483cc8e5c729f9bc') in 0.034343 seconds 
  Import took 0.037400 seconds .

========================================================================
Received Import Request.
  Time since last request: 8.222155 seconds.
  path: Assets/Sprites/Tilki/jump.png
  artifactKey: Guid(ff47fcd9cfba2a140ae21821466ea6c4) Importer(815301076,1909f56bfc062723c751e8b465ee728b)
Start importing Assets/Sprites/Tilki/jump.png using Guid(ff47fcd9cfba2a140ae21821466ea6c4) Importer(815301076,1909f56bfc062723c751e8b465ee728b)  -> (artifact id: '8fede426835d0d5f99ccacd6a4e38ad0') in 0.026619 seconds 
  Import took 0.030032 seconds .

========================================================================
Received Import Request.
  Time since last request: 8.229773 seconds.
  path: Assets/Sprites/Tilki/walk.png
  artifactKey: Guid(1bdbabe7334240c4e947f645f8b890b5) Importer(815301076,1909f56bfc062723c751e8b465ee728b)
Start importing Assets/Sprites/Tilki/walk.png using Guid(1bdbabe7334240c4e947f645f8b890b5) Importer(815301076,1909f56bfc062723c751e8b465ee728b)  -> (artifact id: 'aced1cf35fc24cdb7e9b3c0d9af254cd') in 0.026121 seconds 
  Import took 0.029460 seconds .

========================================================================
Received Import Request.
  Time since last request: 27.436440 seconds.
  path: Assets/Sprites/Tilki/Attack.png
  artifactKey: Guid(23932c33c344ed44f94498304e9b663e) Importer(815301076,1909f56bfc062723c751e8b465ee728b)
Start importing Assets/Sprites/Tilki/Attack.png using Guid(23932c33c344ed44f94498304e9b663e) Importer(815301076,1909f56bfc062723c751e8b465ee728b)  -> (artifact id: 'd2b9c2da2cd89e1ea88618c869b9b8e9') in 0.012675 seconds 
  Import took 0.015686 seconds .

========================================================================
Received Import Request.
  Time since last request: 31.232932 seconds.
  path: Assets/Sprites/Tilki/Attack.png
  artifactKey: Guid(23932c33c344ed44f94498304e9b663e) Importer(815301076,1909f56bfc062723c751e8b465ee728b)
Start importing Assets/Sprites/Tilki/Attack.png using Guid(23932c33c344ed44f94498304e9b663e) Importer(815301076,1909f56bfc062723c751e8b465ee728b)  -> (artifact id: 'ac5523b26285843861eb2e9280b34e4a') in 0.079433 seconds 
  Import took 0.082504 seconds .

========================================================================
Received Import Request.
  Time since last request: 43.588175 seconds.
  path: Assets/Sprites/Tilki/walk.png
  artifactKey: Guid(1bdbabe7334240c4e947f645f8b890b5) Importer(815301076,1909f56bfc062723c751e8b465ee728b)
Start importing Assets/Sprites/Tilki/walk.png using Guid(1bdbabe7334240c4e947f645f8b890b5) Importer(815301076,1909f56bfc062723c751e8b465ee728b)  -> (artifact id: '8a8c59234a4e857c4a724aa2ed456872') in 0.015821 seconds 
  Import took 0.020007 seconds .

========================================================================
Received Import Request.
  Time since last request: 24.076065 seconds.
  path: Assets/Sprites/Tilki/walk.png
  artifactKey: Guid(1bdbabe7334240c4e947f645f8b890b5) Importer(815301076,1909f56bfc062723c751e8b465ee728b)
Start importing Assets/Sprites/Tilki/walk.png using Guid(1bdbabe7334240c4e947f645f8b890b5) Importer(815301076,1909f56bfc062723c751e8b465ee728b)  -> (artifact id: '176a161c60d7f8f86d5d04a653399739') in 0.087885 seconds 
  Import took 0.091072 seconds .

========================================================================
Received Import Request.
  Time since last request: 42.055253 seconds.
  path: Assets/Sprites/Tilki/jump.png
  artifactKey: Guid(ff47fcd9cfba2a140ae21821466ea6c4) Importer(815301076,1909f56bfc062723c751e8b465ee728b)
Start importing Assets/Sprites/Tilki/jump.png using Guid(ff47fcd9cfba2a140ae21821466ea6c4) Importer(815301076,1909f56bfc062723c751e8b465ee728b)  -> (artifact id: '30adb4984246b7048cc561990aff31b7') in 0.014909 seconds 
  Import took 0.018366 seconds .

========================================================================
Received Import Request.
  Time since last request: 24.528635 seconds.
  path: Assets/Sprites/Tilki/jump.png
  artifactKey: Guid(ff47fcd9cfba2a140ae21821466ea6c4) Importer(815301076,1909f56bfc062723c751e8b465ee728b)
Start importing Assets/Sprites/Tilki/jump.png using Guid(ff47fcd9cfba2a140ae21821466ea6c4) Importer(815301076,1909f56bfc062723c751e8b465ee728b)  -> (artifact id: '9db5fd9b63e51462a233ce927719dcc2') in 0.108699 seconds 
  Import took 0.112531 seconds .

========================================================================
Received Import Request.
  Time since last request: 43.965829 seconds.
  path: Assets/Animations/Tilki
  artifactKey: Guid(411d5b4d1edc8444585f65e19e0c754a) Importer(815301076,1909f56bfc062723c751e8b465ee728b)
Start importing Assets/Animations/Tilki using Guid(411d5b4d1edc8444585f65e19e0c754a) Importer(815301076,1909f56bfc062723c751e8b465ee728b)  -> (artifact id: '42565dae66f36abffe19e5a9374eab53') in 0.002609 seconds 
  Import took 0.006420 seconds .

========================================================================
Received Import Request.
  Time since last request: 10.477985 seconds.
  path: Assets/Animations/Tilki/Tilki.controller
  artifactKey: Guid(c8f68b0ec1057724b8cc8947e2c0c49b) Importer(815301076,1909f56bfc062723c751e8b465ee728b)
Start importing Assets/Animations/Tilki/Tilki.controller using Guid(c8f68b0ec1057724b8cc8947e2c0c49b) Importer(815301076,1909f56bfc062723c751e8b465ee728b)  -> (artifact id: '4ce3b4d07420cb64cbc746c852762893') in 0.003759 seconds 
  Import took 0.007435 seconds .

========================================================================
Received Prepare
Registering precompiled user dll's ...
Registered in 0.003271 seconds.
Begin MonoManager ReloadAssembly
Native extension for WindowsStandalone target not found
Native extension for WebGL target not found
Refreshing native plugins compatible for Editor in 0.46 ms, found 3 plugins.
Preloading 0 native plugins for Editor in 0.00 ms.
Mono: successfully reloaded assembly
- Completed reload, in  0.864 seconds
Domain Reload Profiling:
	ReloadAssembly (864ms)
		BeginReloadAssembly (100ms)
			ExecutionOrderSort (0ms)
			DisableScriptedObjects (5ms)
			BackupInstance (0ms)
			ReleaseScriptingObjects (0ms)
			CreateAndSetChildDomain (29ms)
		EndReloadAssembly (715ms)
			LoadAssemblies (70ms)
			RebuildTransferFunctionScriptingTraits (0ms)
			SetupTypeCache (242ms)
			ReleaseScriptCaches (1ms)
			RebuildScriptCaches (34ms)
			SetupLoadedEditorAssemblies (267ms)
				LogAssemblyErrors (0ms)
				InitializePlatformSupportModulesInManaged (7ms)
				SetLoadedEditorAssemblies (0ms)
				RefreshPlugins (1ms)
				BeforeProcessingInitializeOnLoad (80ms)
				ProcessInitializeOnLoadAttributes (166ms)
				ProcessInitializeOnLoadMethodAttributes (8ms)
				AfterProcessingInitializeOnLoad (5ms)
				EditorAssembliesLoaded (0ms)
			ExecutionOrderSort2 (0ms)
			AwakeInstancesAfterBackupRestoration (8ms)
Platform modules already initialized, skipping
Refreshing native plugins compatible for Editor in 0.43 ms, found 3 plugins.
Preloading 0 native plugins for Editor in 0.00 ms.
Unloading 2178 Unused Serialized files (Serialized files now loaded: 0)
System memory in use before: 98.2 MB.
System memory in use after: 98.3 MB.

Unloading 17 unused Assets to reduce memory usage. Loaded Objects now: 2673.
Total: 2.608000 ms (FindLiveObjects: 0.174000 ms CreateObjectMapping: 0.078200 ms MarkObjects: 2.341800 ms  DeleteObjects: 0.013400 ms)

AssetImportParameters requested are different than current active one (requested -> active):
  custom:framework-win-MediaFoundation: 216162199b28c13a410421893ffa2e32 -> 
  custom:video-decoder-ogg-theora: a1e56fd34408186e4bbccfd4996cb3dc -> 
  custom:container-muxer-webm: aa71ff27fc2769a1b78a27578f13a17b -> 
  custom:container-demuxer-webm: 4f35f7cbe854078d1ac9338744f61a02 -> 
  custom:container-demuxer-ogg: 62fdf1f143b41e24485cea50d1cbac27 -> 
  custom:video-encoder-webm-vp8: eb34c28f22e8b96e1ab97ce403110664 -> 
  custom:video-decoder-webm-vp8: 9c59270c3fd7afecdb556c50c9e8de78 -> 
  custom:audio-decoder-ogg-vorbis: bf7c407c2cedff20999df2af8eb42d56 -> 
  custom:audio-encoder-webm-vorbis: bf7c407c2cedff20999df2af8eb42d56 -> 
